Grammar

    0 $accept: program "end of file"

    1 program: body "end" subprograms
    2        | body error subprograms

    3 body: declarations statements

    4 declarations: declarations type vars
    5             | declarations "record" fields "endrec" vars
    6             | declarations "data" vals
    7             | ε

    8 type: "integer"
    9     | "real"
   10     | "logicial"
   11     | "character"
   12     | "complex"

   13 vars: vars "," undef_variable
   14     | undef_variable

   15 undef_variable: "list" undef_variable
   16               | "id" "(" dims ")"
   17               | "id"

   18 dims: dims "," dim
   19     | dim

   20 dim: "id"
   21    | "ICONST"

   22 fields: fields field
   23       | field

   24 field: type vars
   25      | "record" fields "endrec" vars

   26 vals: vals "," "id" value_list
   27     | "id" value_list

   28 value_list: "/" values "/"

   29 values: values "," value
   30       | value

   31 value: sign constant
   32      | "string"

   33 sign: "+ or -"
   34     | ε

   35 constant: simple_constant
   36         | complex_constant

   37 simple_constant: "ICONST"
   38                | "RCONST"
   39                | "LCONST"
   40                | "CCONST"

   41 complex_constant: "(" "RCONST" ":" sign "RCONST" ")"
   42                 | error "RCONST" ":" sign "RCONST" ")"
   43                 | "(" "RCONST" error sign "RCONST" ")"
   44                 | "(" "RCONST" ":" sign "RCONST" error

   45 statements: statements labeled_statement
   46           | labeled_statement

   47 labeled_statement: label statement
   48                  | statement

   49 label: "ICONST"

   50 statement: simple_statement
   51          | compound_statement

   52 simple_statement: assignment
   53                 | goto_statement
   54                 | if_statement
   55                 | subroutine_call
   56                 | io_statement
   57                 | "continue"
   58                 | "return"
   59                 | "stop"

   60 assignment: variable "=" expression
   61           | variable error expression
   62           | variable "=" "string"
   63           | variable error "string"

   64 variable: variable "." "id"
   65         | variable "(" expressions ")"
   66         | "listfunc" "(" expression ")"
   67         | "id"

   68 expressions: expressions "," expression
   69            | expression

   70 expression: expression "||" expression
   71           | expression "&&" expression
   72           | expression "== or != or < or > or <= or >=" expression
   73           | expression "+ or -" expression
   74           | expression "*" expression
   75           | expression "/" expression
   76           | expression "**" expression
   77           | "!=" expression
   78           | "+ or -" expression
   79           | variable
   80           | simple_constant
   81           | "length" "(" expression ")"
   82           | "new" "(" expression ")"
   83           | "(" expression ")"
   84           | "(" expression ":" expression ")"
   85           | listexpression

   86 listexpression: "[" expressions "]"
   87               | "[" "]"

   88 goto_statement: "goto" label
   89               | "goto" "id" "," "(" labels ")"

   90 labels: labels "," label
   91       | label

   92 if_statement: "if" "(" expression ")" label "," label "," label
   93             | "if" "(" expression ")" simple_statement

   94 subroutine_call: "call" variable

   95 io_statement: "read" read_list
   96             | "write" write_list

   97 read_list: read_list "," read_item
   98          | read_item

   99 read_item: variable
  100          | "(" read_list "," "id" "=" iter_space ")"

  101 iter_space: expression "," expression step

  102 step: "," expression
  103     | ε

  104 write_list: write_list "," write_item
  105           | write_item

  106 write_item: expression
  107           | "(" write_list "," "id" "=" iter_space ")"
  108           | "string"

  109 compound_statement: branch_statement
  110                   | loop_statement

  111 $@1: ε

  112 branch_statement: "if" "(" expression ")" "then" $@1 body tail

  113 $@2: ε

  114 tail: "else" $@2 body "endif"
  115     | "endif"

  116 $@3: ε

  117 loop_statement: "do" "id" "=" iter_space $@3 body "enddo"

  118 subprograms: subprograms subprogram
  119            | ε

  120 subprogram: header body "end"

  121 header: type "function" "id" "(" formal_parameters ")"
  122       | "list" "function" "id" "(" formal_parameters ")"
  123       | "subroutine" "id" "(" formal_parameters ")"
  124       | "subroutine" "id"

  125 formal_parameters: type vars "," formal_parameters
  126                  | type vars


Terminals, with rules where they appear

    "end of file" (0) 0
    error (256) 2 42 43 44 61 63
    "function" <strval> (258) 121 122
    "subroutine" <strval> (259) 123 124
    "end" <strval> (260) 1 120
    "integer" <strval> (261) 8
    "real" <strval> (262) 9
    "logicial" <strval> (263) 10
    "character" <strval> (264) 11
    "complex" <strval> (265) 12
    "record" <strval> (266) 5 25
    "endrec" <strval> (267) 5 25
    "list" <strval> (268) 15 122
    "data" <strval> (269) 6
    "continue" <strval> (270) 57
    "goto" <strval> (271) 88 89
    "call" <strval> (272) 94
    "read" <strval> (273) 95
    "write" <strval> (274) 96
    "new" <strval> (275) 82
    "length" <strval> (276) 81
    "if" <strval> (277) 92 93 112
    "then" <strval> (278) 112
    "else" <strval> (279) 114
    "endif" <strval> (280) 114 115
    "do" <strval> (281) 117
    "enddo" <strval> (282) 117
    "stop" <strval> (283) 59
    "return" <strval> (284) 58
    "id" <strval> (285) 16 17 20 26 27 64 67 89 100 107 117 121 122 123 124
    "ICONST" <intval> (286) 21 37 49
    "RCONST" <floatval> (287) 38 41 42 43 44
    "LCONST" <charval> (288) 39
    "CCONST" <strval> (289) 40
    "listfunc" (290) 66
    "string" (291) 32 62 63 108
    "||" (292) 70
    "&&" (293) 71
    "!=" (294) 77
    "== or != or < or > or <= or >=" (295) 72
    "+ or -" (296) 33 73 78
    "*" (297) 74
    "/" (298) 28 75
    "**" (299) 76
    "(" (300) 16 41 43 44 65 66 81 82 83 84 89 92 93 100 107 112 121 122 123
    ")" (301) 16 41 42 43 65 66 81 82 83 84 89 92 93 100 107 112 121 122 123
    "," (302) 13 18 26 29 68 89 90 92 97 100 101 102 104 107 125
    "=" (303) 60 62 100 107 117
    "." (304) 64
    ":" (305) 41 42 44 84
    "[" (306) 86 87
    "]" (307) 86 87
    LOWER_THAN_ELSE (308)


Nonterminals, with rules where they appear

    $accept (54)
        on left: 0
    program <strval> (55)
        on left: 1 2
        on right: 0
    body <strval> (56)
        on left: 3
        on right: 1 2 112 114 117 120
    declarations <strval> (57)
        on left: 4 5 6 7
        on right: 3 4 5 6
    type <strval> (58)
        on left: 8 9 10 11 12
        on right: 4 24 121 125 126
    vars <strval> (59)
        on left: 13 14
        on right: 4 5 13 24 25 125 126
    undef_variable <strval> (60)
        on left: 15 16 17
        on right: 13 14 15
    dims <strval> (61)
        on left: 18 19
        on right: 16 18
    dim <strval> (62)
        on left: 20 21
        on right: 18 19
    fields <strval> (63)
        on left: 22 23
        on right: 5 22 25
    field <strval> (64)
        on left: 24 25
        on right: 22 23
    vals <strval> (65)
        on left: 26 27
        on right: 6 26
    value_list <strval> (66)
        on left: 28
        on right: 26 27
    values <strval> (67)
        on left: 29 30
        on right: 28 29
    value <strval> (68)
        on left: 31 32
        on right: 29 30
    sign <strval> (69)
        on left: 33 34
        on right: 31 41 42 43 44
    constant <strval> (70)
        on left: 35 36
        on right: 31
    simple_constant <strval> (71)
        on left: 37 38 39 40
        on right: 35 80
    complex_constant <strval> (72)
        on left: 41 42 43 44
        on right: 36
    statements <strval> (73)
        on left: 45 46
        on right: 3 45
    labeled_statement <strval> (74)
        on left: 47 48
        on right: 45 46
    label <strval> (75)
        on left: 49
        on right: 47 88 90 91 92
    statement <strval> (76)
        on left: 50 51
        on right: 47 48
    simple_statement (77)
        on left: 52 53 54 55 56 57 58 59
        on right: 50 93
    assignment <strval> (78)
        on left: 60 61 62 63
        on right: 52
    variable <strval> (79)
        on left: 64 65 66 67
        on right: 60 61 62 63 64 65 79 94 99
    expressions <strval> (80)
        on left: 68 69
        on right: 65 68 86
    expression <strval> (81)
        on left: 70 71 72 73 74 75 76 77 78 79 80 81 82 83 84 85
        on right: 60 61 66 68 69 70 71 72 73 74 75 76 77 78 81 82 83 84 92 93 101 102 106 112
    listexpression <strval> (82)
        on left: 86 87
        on right: 85
    goto_statement <strval> (83)
        on left: 88 89
        on right: 53
    labels <strval> (84)
        on left: 90 91
        on right: 89 90
    if_statement <strval> (85)
        on left: 92 93
        on right: 54
    subroutine_call <strval> (86)
        on left: 94
        on right: 55
    io_statement <strval> (87)
        on left: 95 96
        on right: 56
    read_list <strval> (88)
        on left: 97 98
        on right: 95 97 100
    read_item <strval> (89)
        on left: 99 100
        on right: 97 98
    iter_space <strval> (90)
        on left: 101
        on right: 100 107 117
    step <strval> (91)
        on left: 102 103
        on right: 101
    write_list <strval> (92)
        on left: 104 105
        on right: 96 104 107
    write_item <strval> (93)
        on left: 106 107 108
        on right: 104 105
    compound_statement <strval> (94)
        on left: 109 110
        on right: 51
    branch_statement <strval> (95)
        on left: 112
        on right: 109
    $@1 (96)
        on left: 111
        on right: 112
    tail <strval> (97)
        on left: 114 115
        on right: 112
    $@2 (98)
        on left: 113
        on right: 114
    loop_statement <strval> (99)
        on left: 117
        on right: 110
    $@3 (100)
        on left: 116
        on right: 117
    subprograms <strval> (101)
        on left: 118 119
        on right: 1 2 118
    subprogram <strval> (102)
        on left: 120
        on right: 118
    header <strval> (103)
        on left: 121 122 123 124
        on right: 120
    formal_parameters <strval> (104)
        on left: 125 126
        on right: 121 122 123 125


State 0

    0 $accept: • program "end of file"

    $default  reduce using rule 7 (declarations)

    program       go to state 1
    body          go to state 2
    declarations  go to state 3


State 1

    0 $accept: program • "end of file"

    "end of file"  shift, and go to state 4


State 2

    1 program: body • "end" subprograms
    2        | body • error subprograms

    error  shift, and go to state 5
    "end"  shift, and go to state 6


State 3

    3 body: declarations • statements
    4 declarations: declarations • type vars
    5             | declarations • "record" fields "endrec" vars
    6             | declarations • "data" vals

    "integer"    shift, and go to state 7
    "real"       shift, and go to state 8
    "logicial"   shift, and go to state 9
    "character"  shift, and go to state 10
    "complex"    shift, and go to state 11
    "record"     shift, and go to state 12
    "data"       shift, and go to state 13
    "continue"   shift, and go to state 14
    "goto"       shift, and go to state 15
    "call"       shift, and go to state 16
    "read"       shift, and go to state 17
    "write"      shift, and go to state 18
    "if"         shift, and go to state 19
    "do"         shift, and go to state 20
    "stop"       shift, and go to state 21
    "return"     shift, and go to state 22
    "id"         shift, and go to state 23
    "ICONST"     shift, and go to state 24
    "listfunc"   shift, and go to state 25

    type                go to state 26
    statements          go to state 27
    labeled_statement   go to state 28
    label               go to state 29
    statement           go to state 30
    simple_statement    go to state 31
    assignment          go to state 32
    variable            go to state 33
    goto_statement      go to state 34
    if_statement        go to state 35
    subroutine_call     go to state 36
    io_statement        go to state 37
    compound_statement  go to state 38
    branch_statement    go to state 39
    loop_statement      go to state 40


State 4

    0 $accept: program "end of file" •

    $default  accept


State 5

    2 program: body error • subprograms

    $default  reduce using rule 119 (subprograms)

    subprograms  go to state 41


State 6

    1 program: body "end" • subprograms

    $default  reduce using rule 119 (subprograms)

    subprograms  go to state 42


State 7

    8 type: "integer" •

    $default  reduce using rule 8 (type)


State 8

    9 type: "real" •

    $default  reduce using rule 9 (type)


State 9

   10 type: "logicial" •

    $default  reduce using rule 10 (type)


State 10

   11 type: "character" •

    $default  reduce using rule 11 (type)


State 11

   12 type: "complex" •

    $default  reduce using rule 12 (type)


State 12

    5 declarations: declarations "record" • fields "endrec" vars

    "integer"    shift, and go to state 7
    "real"       shift, and go to state 8
    "logicial"   shift, and go to state 9
    "character"  shift, and go to state 10
    "complex"    shift, and go to state 11
    "record"     shift, and go to state 43

    type    go to state 44
    fields  go to state 45
    field   go to state 46


State 13

    6 declarations: declarations "data" • vals

    "id"  shift, and go to state 47

    vals  go to state 48


State 14

   57 simple_statement: "continue" •

    $default  reduce using rule 57 (simple_statement)


State 15

   88 goto_statement: "goto" • label
   89               | "goto" • "id" "," "(" labels ")"

    "id"      shift, and go to state 49
    "ICONST"  shift, and go to state 24

    label  go to state 50


State 16

   94 subroutine_call: "call" • variable

    "id"        shift, and go to state 23
    "listfunc"  shift, and go to state 25

    variable  go to state 51


State 17

   95 io_statement: "read" • read_list

    "id"        shift, and go to state 23
    "listfunc"  shift, and go to state 25
    "("         shift, and go to state 52

    variable   go to state 53
    read_list  go to state 54
    read_item  go to state 55


State 18

   96 io_statement: "write" • write_list

    "new"       shift, and go to state 56
    "length"    shift, and go to state 57
    "id"        shift, and go to state 23
    "ICONST"    shift, and go to state 58
    "RCONST"    shift, and go to state 59
    "LCONST"    shift, and go to state 60
    "CCONST"    shift, and go to state 61
    "listfunc"  shift, and go to state 25
    "string"    shift, and go to state 62
    "!="        shift, and go to state 63
    "+ or -"    shift, and go to state 64
    "("         shift, and go to state 65
    "["         shift, and go to state 66

    simple_constant  go to state 67
    variable         go to state 68
    expression       go to state 69
    listexpression   go to state 70
    write_list       go to state 71
    write_item       go to state 72


State 19

   92 if_statement: "if" • "(" expression ")" label "," label "," label
   93             | "if" • "(" expression ")" simple_statement
  112 branch_statement: "if" • "(" expression ")" "then" $@1 body tail

    "("  shift, and go to state 73


State 20

  117 loop_statement: "do" • "id" "=" iter_space $@3 body "enddo"

    "id"  shift, and go to state 74


State 21

   59 simple_statement: "stop" •

    $default  reduce using rule 59 (simple_statement)


State 22

   58 simple_statement: "return" •

    $default  reduce using rule 58 (simple_statement)


State 23

   67 variable: "id" •

    $default  reduce using rule 67 (variable)


State 24

   49 label: "ICONST" •

    $default  reduce using rule 49 (label)


State 25

   66 variable: "listfunc" • "(" expression ")"

    "("  shift, and go to state 75


State 26

    4 declarations: declarations type • vars

    "list"  shift, and go to state 76
    "id"    shift, and go to state 77

    vars            go to state 78
    undef_variable  go to state 79


State 27

    3 body: declarations statements •
   45 statements: statements • labeled_statement

    "continue"  shift, and go to state 14
    "goto"      shift, and go to state 15
    "call"      shift, and go to state 16
    "read"      shift, and go to state 17
    "write"     shift, and go to state 18
    "if"        shift, and go to state 19
    "do"        shift, and go to state 20
    "stop"      shift, and go to state 21
    "return"    shift, and go to state 22
    "id"        shift, and go to state 23
    "ICONST"    shift, and go to state 24
    "listfunc"  shift, and go to state 25

    $default  reduce using rule 3 (body)

    labeled_statement   go to state 80
    label               go to state 29
    statement           go to state 30
    simple_statement    go to state 31
    assignment          go to state 32
    variable            go to state 33
    goto_statement      go to state 34
    if_statement        go to state 35
    subroutine_call     go to state 36
    io_statement        go to state 37
    compound_statement  go to state 38
    branch_statement    go to state 39
    loop_statement      go to state 40


State 28

   46 statements: labeled_statement •

    $default  reduce using rule 46 (statements)


State 29

   47 labeled_statement: label • statement

    "continue"  shift, and go to state 14
    "goto"      shift, and go to state 15
    "call"      shift, and go to state 16
    "read"      shift, and go to state 17
    "write"     shift, and go to state 18
    "if"        shift, and go to state 19
    "do"        shift, and go to state 20
    "stop"      shift, and go to state 21
    "return"    shift, and go to state 22
    "id"        shift, and go to state 23
    "listfunc"  shift, and go to state 25

    statement           go to state 81
    simple_statement    go to state 31
    assignment          go to state 32
    variable            go to state 33
    goto_statement      go to state 34
    if_statement        go to state 35
    subroutine_call     go to state 36
    io_statement        go to state 37
    compound_statement  go to state 38
    branch_statement    go to state 39
    loop_statement      go to state 40


State 30

   48 labeled_statement: statement •

    $default  reduce using rule 48 (labeled_statement)


State 31

   50 statement: simple_statement •

    $default  reduce using rule 50 (statement)


State 32

   52 simple_statement: assignment •

    $default  reduce using rule 52 (simple_statement)


State 33

   60 assignment: variable • "=" expression
   61           | variable • error expression
   62           | variable • "=" "string"
   63           | variable • error "string"
   64 variable: variable • "." "id"
   65         | variable • "(" expressions ")"

    error  shift, and go to state 82
    "("    shift, and go to state 83
    "="    shift, and go to state 84
    "."    shift, and go to state 85


State 34

   53 simple_statement: goto_statement •

    $default  reduce using rule 53 (simple_statement)


State 35

   54 simple_statement: if_statement •

    $default  reduce using rule 54 (simple_statement)


State 36

   55 simple_statement: subroutine_call •

    $default  reduce using rule 55 (simple_statement)


State 37

   56 simple_statement: io_statement •

    $default  reduce using rule 56 (simple_statement)


State 38

   51 statement: compound_statement •

    $default  reduce using rule 51 (statement)


State 39

  109 compound_statement: branch_statement •

    $default  reduce using rule 109 (compound_statement)


State 40

  110 compound_statement: loop_statement •

    $default  reduce using rule 110 (compound_statement)


State 41

    2 program: body error subprograms •
  118 subprograms: subprograms • subprogram

    "subroutine"  shift, and go to state 86
    "integer"     shift, and go to state 7
    "real"        shift, and go to state 8
    "logicial"    shift, and go to state 9
    "character"   shift, and go to state 10
    "complex"     shift, and go to state 11
    "list"        shift, and go to state 87

    $default  reduce using rule 2 (program)

    type        go to state 88
    subprogram  go to state 89
    header      go to state 90


State 42

    1 program: body "end" subprograms •
  118 subprograms: subprograms • subprogram

    "subroutine"  shift, and go to state 86
    "integer"     shift, and go to state 7
    "real"        shift, and go to state 8
    "logicial"    shift, and go to state 9
    "character"   shift, and go to state 10
    "complex"     shift, and go to state 11
    "list"        shift, and go to state 87

    $default  reduce using rule 1 (program)

    type        go to state 88
    subprogram  go to state 89
    header      go to state 90


State 43

   25 field: "record" • fields "endrec" vars

    "integer"    shift, and go to state 7
    "real"       shift, and go to state 8
    "logicial"   shift, and go to state 9
    "character"  shift, and go to state 10
    "complex"    shift, and go to state 11
    "record"     shift, and go to state 43

    type    go to state 44
    fields  go to state 91
    field   go to state 46


State 44

   24 field: type • vars

    "list"  shift, and go to state 76
    "id"    shift, and go to state 77

    vars            go to state 92
    undef_variable  go to state 79


State 45

    5 declarations: declarations "record" fields • "endrec" vars
   22 fields: fields • field

    "integer"    shift, and go to state 7
    "real"       shift, and go to state 8
    "logicial"   shift, and go to state 9
    "character"  shift, and go to state 10
    "complex"    shift, and go to state 11
    "record"     shift, and go to state 43
    "endrec"     shift, and go to state 93

    type   go to state 44
    field  go to state 94


State 46

   23 fields: field •

    $default  reduce using rule 23 (fields)


State 47

   27 vals: "id" • value_list

    "/"  shift, and go to state 95

    value_list  go to state 96


State 48

    6 declarations: declarations "data" vals •
   26 vals: vals • "," "id" value_list

    ","  shift, and go to state 97

    $default  reduce using rule 6 (declarations)


State 49

   89 goto_statement: "goto" "id" • "," "(" labels ")"

    ","  shift, and go to state 98


State 50

   88 goto_statement: "goto" label •

    $default  reduce using rule 88 (goto_statement)


State 51

   64 variable: variable • "." "id"
   65         | variable • "(" expressions ")"
   94 subroutine_call: "call" variable •

    "("  shift, and go to state 83
    "."  shift, and go to state 85

    $default  reduce using rule 94 (subroutine_call)


State 52

  100 read_item: "(" • read_list "," "id" "=" iter_space ")"

    "id"        shift, and go to state 23
    "listfunc"  shift, and go to state 25
    "("         shift, and go to state 52

    variable   go to state 53
    read_list  go to state 99
    read_item  go to state 55


State 53

   64 variable: variable • "." "id"
   65         | variable • "(" expressions ")"
   99 read_item: variable •

    "("  shift, and go to state 83
    "."  shift, and go to state 85

    $default  reduce using rule 99 (read_item)


State 54

   95 io_statement: "read" read_list •
   97 read_list: read_list • "," read_item

    ","  shift, and go to state 100

    $default  reduce using rule 95 (io_statement)


State 55

   98 read_list: read_item •

    $default  reduce using rule 98 (read_list)


State 56

   82 expression: "new" • "(" expression ")"

    "("  shift, and go to state 101


State 57

   81 expression: "length" • "(" expression ")"

    "("  shift, and go to state 102


State 58

   37 simple_constant: "ICONST" •

    $default  reduce using rule 37 (simple_constant)


State 59

   38 simple_constant: "RCONST" •

    $default  reduce using rule 38 (simple_constant)


State 60

   39 simple_constant: "LCONST" •

    $default  reduce using rule 39 (simple_constant)


State 61

   40 simple_constant: "CCONST" •

    $default  reduce using rule 40 (simple_constant)


State 62

  108 write_item: "string" •

    $default  reduce using rule 108 (write_item)


State 63

   77 expression: "!=" • expression

    "new"       shift, and go to state 56
    "length"    shift, and go to state 57
    "id"        shift, and go to state 23
    "ICONST"    shift, and go to state 58
    "RCONST"    shift, and go to state 59
    "LCONST"    shift, and go to state 60
    "CCONST"    shift, and go to state 61
    "listfunc"  shift, and go to state 25
    "!="        shift, and go to state 63
    "+ or -"    shift, and go to state 64
    "("         shift, and go to state 103
    "["         shift, and go to state 66

    simple_constant  go to state 67
    variable         go to state 68
    expression       go to state 104
    listexpression   go to state 70


State 64

   78 expression: "+ or -" • expression

    "new"       shift, and go to state 56
    "length"    shift, and go to state 57
    "id"        shift, and go to state 23
    "ICONST"    shift, and go to state 58
    "RCONST"    shift, and go to state 59
    "LCONST"    shift, and go to state 60
    "CCONST"    shift, and go to state 61
    "listfunc"  shift, and go to state 25
    "!="        shift, and go to state 63
    "+ or -"    shift, and go to state 64
    "("         shift, and go to state 103
    "["         shift, and go to state 66

    simple_constant  go to state 67
    variable         go to state 68
    expression       go to state 105
    listexpression   go to state 70


State 65

   83 expression: "(" • expression ")"
   84           | "(" • expression ":" expression ")"
  107 write_item: "(" • write_list "," "id" "=" iter_space ")"

    "new"       shift, and go to state 56
    "length"    shift, and go to state 57
    "id"        shift, and go to state 23
    "ICONST"    shift, and go to state 58
    "RCONST"    shift, and go to state 59
    "LCONST"    shift, and go to state 60
    "CCONST"    shift, and go to state 61
    "listfunc"  shift, and go to state 25
    "string"    shift, and go to state 62
    "!="        shift, and go to state 63
    "+ or -"    shift, and go to state 64
    "("         shift, and go to state 65
    "["         shift, and go to state 66

    simple_constant  go to state 67
    variable         go to state 68
    expression       go to state 106
    listexpression   go to state 70
    write_list       go to state 107
    write_item       go to state 72


State 66

   86 listexpression: "[" • expressions "]"
   87               | "[" • "]"

    "new"       shift, and go to state 56
    "length"    shift, and go to state 57
    "id"        shift, and go to state 23
    "ICONST"    shift, and go to state 58
    "RCONST"    shift, and go to state 59
    "LCONST"    shift, and go to state 60
    "CCONST"    shift, and go to state 61
    "listfunc"  shift, and go to state 25
    "!="        shift, and go to state 63
    "+ or -"    shift, and go to state 64
    "("         shift, and go to state 103
    "["         shift, and go to state 66
    "]"         shift, and go to state 108

    simple_constant  go to state 67
    variable         go to state 68
    expressions      go to state 109
    expression       go to state 110
    listexpression   go to state 70


State 67

   80 expression: simple_constant •

    $default  reduce using rule 80 (expression)


State 68

   64 variable: variable • "." "id"
   65         | variable • "(" expressions ")"
   79 expression: variable •

    "("  shift, and go to state 83
    "."  shift, and go to state 85

    $default  reduce using rule 79 (expression)


State 69

   70 expression: expression • "||" expression
   71           | expression • "&&" expression
   72           | expression • "== or != or < or > or <= or >=" expression
   73           | expression • "+ or -" expression
   74           | expression • "*" expression
   75           | expression • "/" expression
   76           | expression • "**" expression
  106 write_item: expression •

    "||"                              shift, and go to state 111
    "&&"                              shift, and go to state 112
    "== or != or < or > or <= or >="  shift, and go to state 113
    "+ or -"                          shift, and go to state 114
    "*"                               shift, and go to state 115
    "/"                               shift, and go to state 116
    "**"                              shift, and go to state 117

    $default  reduce using rule 106 (write_item)


State 70

   85 expression: listexpression •

    $default  reduce using rule 85 (expression)


State 71

   96 io_statement: "write" write_list •
  104 write_list: write_list • "," write_item

    ","  shift, and go to state 118

    $default  reduce using rule 96 (io_statement)


State 72

  105 write_list: write_item •

    $default  reduce using rule 105 (write_list)


State 73

   92 if_statement: "if" "(" • expression ")" label "," label "," label
   93             | "if" "(" • expression ")" simple_statement
  112 branch_statement: "if" "(" • expression ")" "then" $@1 body tail

    "new"       shift, and go to state 56
    "length"    shift, and go to state 57
    "id"        shift, and go to state 23
    "ICONST"    shift, and go to state 58
    "RCONST"    shift, and go to state 59
    "LCONST"    shift, and go to state 60
    "CCONST"    shift, and go to state 61
    "listfunc"  shift, and go to state 25
    "!="        shift, and go to state 63
    "+ or -"    shift, and go to state 64
    "("         shift, and go to state 103
    "["         shift, and go to state 66

    simple_constant  go to state 67
    variable         go to state 68
    expression       go to state 119
    listexpression   go to state 70


State 74

  117 loop_statement: "do" "id" • "=" iter_space $@3 body "enddo"

    "="  shift, and go to state 120


State 75

   66 variable: "listfunc" "(" • expression ")"

    "new"       shift, and go to state 56
    "length"    shift, and go to state 57
    "id"        shift, and go to state 23
    "ICONST"    shift, and go to state 58
    "RCONST"    shift, and go to state 59
    "LCONST"    shift, and go to state 60
    "CCONST"    shift, and go to state 61
    "listfunc"  shift, and go to state 25
    "!="        shift, and go to state 63
    "+ or -"    shift, and go to state 64
    "("         shift, and go to state 103
    "["         shift, and go to state 66

    simple_constant  go to state 67
    variable         go to state 68
    expression       go to state 121
    listexpression   go to state 70


State 76

   15 undef_variable: "list" • undef_variable

    "list"  shift, and go to state 76
    "id"    shift, and go to state 77

    undef_variable  go to state 122


State 77

   16 undef_variable: "id" • "(" dims ")"
   17               | "id" •

    "("  shift, and go to state 123

    $default  reduce using rule 17 (undef_variable)


State 78

    4 declarations: declarations type vars •
   13 vars: vars • "," undef_variable

    ","  shift, and go to state 124

    $default  reduce using rule 4 (declarations)


State 79

   14 vars: undef_variable •

    $default  reduce using rule 14 (vars)


State 80

   45 statements: statements labeled_statement •

    $default  reduce using rule 45 (statements)


State 81

   47 labeled_statement: label statement •

    $default  reduce using rule 47 (labeled_statement)


State 82

   61 assignment: variable error • expression
   63           | variable error • "string"

    "new"       shift, and go to state 56
    "length"    shift, and go to state 57
    "id"        shift, and go to state 23
    "ICONST"    shift, and go to state 58
    "RCONST"    shift, and go to state 59
    "LCONST"    shift, and go to state 60
    "CCONST"    shift, and go to state 61
    "listfunc"  shift, and go to state 25
    "string"    shift, and go to state 125
    "!="        shift, and go to state 63
    "+ or -"    shift, and go to state 64
    "("         shift, and go to state 103
    "["         shift, and go to state 66

    simple_constant  go to state 67
    variable         go to state 68
    expression       go to state 126
    listexpression   go to state 70


State 83

   65 variable: variable "(" • expressions ")"

    "new"       shift, and go to state 56
    "length"    shift, and go to state 57
    "id"        shift, and go to state 23
    "ICONST"    shift, and go to state 58
    "RCONST"    shift, and go to state 59
    "LCONST"    shift, and go to state 60
    "CCONST"    shift, and go to state 61
    "listfunc"  shift, and go to state 25
    "!="        shift, and go to state 63
    "+ or -"    shift, and go to state 64
    "("         shift, and go to state 103
    "["         shift, and go to state 66

    simple_constant  go to state 67
    variable         go to state 68
    expressions      go to state 127
    expression       go to state 110
    listexpression   go to state 70


State 84

   60 assignment: variable "=" • expression
   62           | variable "=" • "string"

    "new"       shift, and go to state 56
    "length"    shift, and go to state 57
    "id"        shift, and go to state 23
    "ICONST"    shift, and go to state 58
    "RCONST"    shift, and go to state 59
    "LCONST"    shift, and go to state 60
    "CCONST"    shift, and go to state 61
    "listfunc"  shift, and go to state 25
    "string"    shift, and go to state 128
    "!="        shift, and go to state 63
    "+ or -"    shift, and go to state 64
    "("         shift, and go to state 103
    "["         shift, and go to state 66

    simple_constant  go to state 67
    variable         go to state 68
    expression       go to state 129
    listexpression   go to state 70


State 85

   64 variable: variable "." • "id"

    "id"  shift, and go to state 130


State 86

  123 header: "subroutine" • "id" "(" formal_parameters ")"
  124       | "subroutine" • "id"

    "id"  shift, and go to state 131


State 87

  122 header: "list" • "function" "id" "(" formal_parameters ")"

    "function"  shift, and go to state 132


State 88

  121 header: type • "function" "id" "(" formal_parameters ")"

    "function"  shift, and go to state 133


State 89

  118 subprograms: subprograms subprogram •

    $default  reduce using rule 118 (subprograms)


State 90

  120 subprogram: header • body "end"

    $default  reduce using rule 7 (declarations)

    body          go to state 134
    declarations  go to state 3


State 91

   22 fields: fields • field
   25 field: "record" fields • "endrec" vars

    "integer"    shift, and go to state 7
    "real"       shift, and go to state 8
    "logicial"   shift, and go to state 9
    "character"  shift, and go to state 10
    "complex"    shift, and go to state 11
    "record"     shift, and go to state 43
    "endrec"     shift, and go to state 135

    type   go to state 44
    field  go to state 94


State 92

   13 vars: vars • "," undef_variable
   24 field: type vars •

    ","  shift, and go to state 124

    $default  reduce using rule 24 (field)


State 93

    5 declarations: declarations "record" fields "endrec" • vars

    "list"  shift, and go to state 76
    "id"    shift, and go to state 77

    vars            go to state 136
    undef_variable  go to state 79


State 94

   22 fields: fields field •

    $default  reduce using rule 22 (fields)


State 95

   28 value_list: "/" • values "/"

    "string"  shift, and go to state 137
    "+ or -"  shift, and go to state 138

    $default  reduce using rule 34 (sign)

    values  go to state 139
    value   go to state 140
    sign    go to state 141


State 96

   27 vals: "id" value_list •

    $default  reduce using rule 27 (vals)


State 97

   26 vals: vals "," • "id" value_list

    "id"  shift, and go to state 142


State 98

   89 goto_statement: "goto" "id" "," • "(" labels ")"

    "("  shift, and go to state 143


State 99

   97 read_list: read_list • "," read_item
  100 read_item: "(" read_list • "," "id" "=" iter_space ")"

    ","  shift, and go to state 144


State 100

   97 read_list: read_list "," • read_item

    "id"        shift, and go to state 23
    "listfunc"  shift, and go to state 25
    "("         shift, and go to state 52

    variable   go to state 53
    read_item  go to state 145


State 101

   82 expression: "new" "(" • expression ")"

    "new"       shift, and go to state 56
    "length"    shift, and go to state 57
    "id"        shift, and go to state 23
    "ICONST"    shift, and go to state 58
    "RCONST"    shift, and go to state 59
    "LCONST"    shift, and go to state 60
    "CCONST"    shift, and go to state 61
    "listfunc"  shift, and go to state 25
    "!="        shift, and go to state 63
    "+ or -"    shift, and go to state 64
    "("         shift, and go to state 103
    "["         shift, and go to state 66

    simple_constant  go to state 67
    variable         go to state 68
    expression       go to state 146
    listexpression   go to state 70


State 102

   81 expression: "length" "(" • expression ")"

    "new"       shift, and go to state 56
    "length"    shift, and go to state 57
    "id"        shift, and go to state 23
    "ICONST"    shift, and go to state 58
    "RCONST"    shift, and go to state 59
    "LCONST"    shift, and go to state 60
    "CCONST"    shift, and go to state 61
    "listfunc"  shift, and go to state 25
    "!="        shift, and go to state 63
    "+ or -"    shift, and go to state 64
    "("         shift, and go to state 103
    "["         shift, and go to state 66

    simple_constant  go to state 67
    variable         go to state 68
    expression       go to state 147
    listexpression   go to state 70


State 103

   83 expression: "(" • expression ")"
   84           | "(" • expression ":" expression ")"

    "new"       shift, and go to state 56
    "length"    shift, and go to state 57
    "id"        shift, and go to state 23
    "ICONST"    shift, and go to state 58
    "RCONST"    shift, and go to state 59
    "LCONST"    shift, and go to state 60
    "CCONST"    shift, and go to state 61
    "listfunc"  shift, and go to state 25
    "!="        shift, and go to state 63
    "+ or -"    shift, and go to state 64
    "("         shift, and go to state 103
    "["         shift, and go to state 66

    simple_constant  go to state 67
    variable         go to state 68
    expression       go to state 148
    listexpression   go to state 70


State 104

   70 expression: expression • "||" expression
   71           | expression • "&&" expression
   72           | expression • "== or != or < or > or <= or >=" expression
   73           | expression • "+ or -" expression
   74           | expression • "*" expression
   75           | expression • "/" expression
   76           | expression • "**" expression
   77           | "!=" expression •

    $default  reduce using rule 77 (expression)


State 105

   70 expression: expression • "||" expression
   71           | expression • "&&" expression
   72           | expression • "== or != or < or > or <= or >=" expression
   73           | expression • "+ or -" expression
   74           | expression • "*" expression
   75           | expression • "/" expression
   76           | expression • "**" expression
   78           | "+ or -" expression •

    "*"   shift, and go to state 115
    "/"   shift, and go to state 116
    "**"  shift, and go to state 117

    $default  reduce using rule 78 (expression)


State 106

   70 expression: expression • "||" expression
   71           | expression • "&&" expression
   72           | expression • "== or != or < or > or <= or >=" expression
   73           | expression • "+ or -" expression
   74           | expression • "*" expression
   75           | expression • "/" expression
   76           | expression • "**" expression
   83           | "(" expression • ")"
   84           | "(" expression • ":" expression ")"
  106 write_item: expression •

    "||"                              shift, and go to state 111
    "&&"                              shift, and go to state 112
    "== or != or < or > or <= or >="  shift, and go to state 113
    "+ or -"                          shift, and go to state 114
    "*"                               shift, and go to state 115
    "/"                               shift, and go to state 116
    "**"                              shift, and go to state 117
    ")"                               shift, and go to state 149
    ":"                               shift, and go to state 150

    $default  reduce using rule 106 (write_item)


State 107

  104 write_list: write_list • "," write_item
  107 write_item: "(" write_list • "," "id" "=" iter_space ")"

    ","  shift, and go to state 151


State 108

   87 listexpression: "[" "]" •

    $default  reduce using rule 87 (listexpression)


State 109

   68 expressions: expressions • "," expression
   86 listexpression: "[" expressions • "]"

    ","  shift, and go to state 152
    "]"  shift, and go to state 153


State 110

   69 expressions: expression •
   70 expression: expression • "||" expression
   71           | expression • "&&" expression
   72           | expression • "== or != or < or > or <= or >=" expression
   73           | expression • "+ or -" expression
   74           | expression • "*" expression
   75           | expression • "/" expression
   76           | expression • "**" expression

    "||"                              shift, and go to state 111
    "&&"                              shift, and go to state 112
    "== or != or < or > or <= or >="  shift, and go to state 113
    "+ or -"                          shift, and go to state 114
    "*"                               shift, and go to state 115
    "/"                               shift, and go to state 116
    "**"                              shift, and go to state 117

    $default  reduce using rule 69 (expressions)


State 111

   70 expression: expression "||" • expression

    "new"       shift, and go to state 56
    "length"    shift, and go to state 57
    "id"        shift, and go to state 23
    "ICONST"    shift, and go to state 58
    "RCONST"    shift, and go to state 59
    "LCONST"    shift, and go to state 60
    "CCONST"    shift, and go to state 61
    "listfunc"  shift, and go to state 25
    "!="        shift, and go to state 63
    "+ or -"    shift, and go to state 64
    "("         shift, and go to state 103
    "["         shift, and go to state 66

    simple_constant  go to state 67
    variable         go to state 68
    expression       go to state 154
    listexpression   go to state 70


State 112

   71 expression: expression "&&" • expression

    "new"       shift, and go to state 56
    "length"    shift, and go to state 57
    "id"        shift, and go to state 23
    "ICONST"    shift, and go to state 58
    "RCONST"    shift, and go to state 59
    "LCONST"    shift, and go to state 60
    "CCONST"    shift, and go to state 61
    "listfunc"  shift, and go to state 25
    "!="        shift, and go to state 63
    "+ or -"    shift, and go to state 64
    "("         shift, and go to state 103
    "["         shift, and go to state 66

    simple_constant  go to state 67
    variable         go to state 68
    expression       go to state 155
    listexpression   go to state 70


State 113

   72 expression: expression "== or != or < or > or <= or >=" • expression

    "new"       shift, and go to state 56
    "length"    shift, and go to state 57
    "id"        shift, and go to state 23
    "ICONST"    shift, and go to state 58
    "RCONST"    shift, and go to state 59
    "LCONST"    shift, and go to state 60
    "CCONST"    shift, and go to state 61
    "listfunc"  shift, and go to state 25
    "!="        shift, and go to state 63
    "+ or -"    shift, and go to state 64
    "("         shift, and go to state 103
    "["         shift, and go to state 66

    simple_constant  go to state 67
    variable         go to state 68
    expression       go to state 156
    listexpression   go to state 70


State 114

   73 expression: expression "+ or -" • expression

    "new"       shift, and go to state 56
    "length"    shift, and go to state 57
    "id"        shift, and go to state 23
    "ICONST"    shift, and go to state 58
    "RCONST"    shift, and go to state 59
    "LCONST"    shift, and go to state 60
    "CCONST"    shift, and go to state 61
    "listfunc"  shift, and go to state 25
    "!="        shift, and go to state 63
    "+ or -"    shift, and go to state 64
    "("         shift, and go to state 103
    "["         shift, and go to state 66

    simple_constant  go to state 67
    variable         go to state 68
    expression       go to state 157
    listexpression   go to state 70


State 115

   74 expression: expression "*" • expression

    "new"       shift, and go to state 56
    "length"    shift, and go to state 57
    "id"        shift, and go to state 23
    "ICONST"    shift, and go to state 58
    "RCONST"    shift, and go to state 59
    "LCONST"    shift, and go to state 60
    "CCONST"    shift, and go to state 61
    "listfunc"  shift, and go to state 25
    "!="        shift, and go to state 63
    "+ or -"    shift, and go to state 64
    "("         shift, and go to state 103
    "["         shift, and go to state 66

    simple_constant  go to state 67
    variable         go to state 68
    expression       go to state 158
    listexpression   go to state 70


State 116

   75 expression: expression "/" • expression

    "new"       shift, and go to state 56
    "length"    shift, and go to state 57
    "id"        shift, and go to state 23
    "ICONST"    shift, and go to state 58
    "RCONST"    shift, and go to state 59
    "LCONST"    shift, and go to state 60
    "CCONST"    shift, and go to state 61
    "listfunc"  shift, and go to state 25
    "!="        shift, and go to state 63
    "+ or -"    shift, and go to state 64
    "("         shift, and go to state 103
    "["         shift, and go to state 66

    simple_constant  go to state 67
    variable         go to state 68
    expression       go to state 159
    listexpression   go to state 70


State 117

   76 expression: expression "**" • expression

    "new"       shift, and go to state 56
    "length"    shift, and go to state 57
    "id"        shift, and go to state 23
    "ICONST"    shift, and go to state 58
    "RCONST"    shift, and go to state 59
    "LCONST"    shift, and go to state 60
    "CCONST"    shift, and go to state 61
    "listfunc"  shift, and go to state 25
    "!="        shift, and go to state 63
    "+ or -"    shift, and go to state 64
    "("         shift, and go to state 103
    "["         shift, and go to state 66

    simple_constant  go to state 67
    variable         go to state 68
    expression       go to state 160
    listexpression   go to state 70


State 118

  104 write_list: write_list "," • write_item

    "new"       shift, and go to state 56
    "length"    shift, and go to state 57
    "id"        shift, and go to state 23
    "ICONST"    shift, and go to state 58
    "RCONST"    shift, and go to state 59
    "LCONST"    shift, and go to state 60
    "CCONST"    shift, and go to state 61
    "listfunc"  shift, and go to state 25
    "string"    shift, and go to state 62
    "!="        shift, and go to state 63
    "+ or -"    shift, and go to state 64
    "("         shift, and go to state 65
    "["         shift, and go to state 66

    simple_constant  go to state 67
    variable         go to state 68
    expression       go to state 69
    listexpression   go to state 70
    write_item       go to state 161


State 119

   70 expression: expression • "||" expression
   71           | expression • "&&" expression
   72           | expression • "== or != or < or > or <= or >=" expression
   73           | expression • "+ or -" expression
   74           | expression • "*" expression
   75           | expression • "/" expression
   76           | expression • "**" expression
   92 if_statement: "if" "(" expression • ")" label "," label "," label
   93             | "if" "(" expression • ")" simple_statement
  112 branch_statement: "if" "(" expression • ")" "then" $@1 body tail

    "||"                              shift, and go to state 111
    "&&"                              shift, and go to state 112
    "== or != or < or > or <= or >="  shift, and go to state 113
    "+ or -"                          shift, and go to state 114
    "*"                               shift, and go to state 115
    "/"                               shift, and go to state 116
    "**"                              shift, and go to state 117
    ")"                               shift, and go to state 162


State 120

  117 loop_statement: "do" "id" "=" • iter_space $@3 body "enddo"

    "new"       shift, and go to state 56
    "length"    shift, and go to state 57
    "id"        shift, and go to state 23
    "ICONST"    shift, and go to state 58
    "RCONST"    shift, and go to state 59
    "LCONST"    shift, and go to state 60
    "CCONST"    shift, and go to state 61
    "listfunc"  shift, and go to state 25
    "!="        shift, and go to state 63
    "+ or -"    shift, and go to state 64
    "("         shift, and go to state 103
    "["         shift, and go to state 66

    simple_constant  go to state 67
    variable         go to state 68
    expression       go to state 163
    listexpression   go to state 70
    iter_space       go to state 164


State 121

   66 variable: "listfunc" "(" expression • ")"
   70 expression: expression • "||" expression
   71           | expression • "&&" expression
   72           | expression • "== or != or < or > or <= or >=" expression
   73           | expression • "+ or -" expression
   74           | expression • "*" expression
   75           | expression • "/" expression
   76           | expression • "**" expression

    "||"                              shift, and go to state 111
    "&&"                              shift, and go to state 112
    "== or != or < or > or <= or >="  shift, and go to state 113
    "+ or -"                          shift, and go to state 114
    "*"                               shift, and go to state 115
    "/"                               shift, and go to state 116
    "**"                              shift, and go to state 117
    ")"                               shift, and go to state 165


State 122

   15 undef_variable: "list" undef_variable •

    $default  reduce using rule 15 (undef_variable)


State 123

   16 undef_variable: "id" "(" • dims ")"

    "id"      shift, and go to state 166
    "ICONST"  shift, and go to state 167

    dims  go to state 168
    dim   go to state 169


State 124

   13 vars: vars "," • undef_variable

    "list"  shift, and go to state 76
    "id"    shift, and go to state 77

    undef_variable  go to state 170


State 125

   63 assignment: variable error "string" •

    $default  reduce using rule 63 (assignment)


State 126

   61 assignment: variable error expression •
   70 expression: expression • "||" expression
   71           | expression • "&&" expression
   72           | expression • "== or != or < or > or <= or >=" expression
   73           | expression • "+ or -" expression
   74           | expression • "*" expression
   75           | expression • "/" expression
   76           | expression • "**" expression

    "||"                              shift, and go to state 111
    "&&"                              shift, and go to state 112
    "== or != or < or > or <= or >="  shift, and go to state 113
    "+ or -"                          shift, and go to state 114
    "*"                               shift, and go to state 115
    "/"                               shift, and go to state 116
    "**"                              shift, and go to state 117

    $default  reduce using rule 61 (assignment)


State 127

   65 variable: variable "(" expressions • ")"
   68 expressions: expressions • "," expression

    ")"  shift, and go to state 171
    ","  shift, and go to state 152


State 128

   62 assignment: variable "=" "string" •

    $default  reduce using rule 62 (assignment)


State 129

   60 assignment: variable "=" expression •
   70 expression: expression • "||" expression
   71           | expression • "&&" expression
   72           | expression • "== or != or < or > or <= or >=" expression
   73           | expression • "+ or -" expression
   74           | expression • "*" expression
   75           | expression • "/" expression
   76           | expression • "**" expression

    "||"                              shift, and go to state 111
    "&&"                              shift, and go to state 112
    "== or != or < or > or <= or >="  shift, and go to state 113
    "+ or -"                          shift, and go to state 114
    "*"                               shift, and go to state 115
    "/"                               shift, and go to state 116
    "**"                              shift, and go to state 117

    $default  reduce using rule 60 (assignment)


State 130

   64 variable: variable "." "id" •

    $default  reduce using rule 64 (variable)


State 131

  123 header: "subroutine" "id" • "(" formal_parameters ")"
  124       | "subroutine" "id" •

    "("  shift, and go to state 172

    $default  reduce using rule 124 (header)


State 132

  122 header: "list" "function" • "id" "(" formal_parameters ")"

    "id"  shift, and go to state 173


State 133

  121 header: type "function" • "id" "(" formal_parameters ")"

    "id"  shift, and go to state 174


State 134

  120 subprogram: header body • "end"

    "end"  shift, and go to state 175


State 135

   25 field: "record" fields "endrec" • vars

    "list"  shift, and go to state 76
    "id"    shift, and go to state 77

    vars            go to state 176
    undef_variable  go to state 79


State 136

    5 declarations: declarations "record" fields "endrec" vars •
   13 vars: vars • "," undef_variable

    ","  shift, and go to state 124

    $default  reduce using rule 5 (declarations)


State 137

   32 value: "string" •

    $default  reduce using rule 32 (value)


State 138

   33 sign: "+ or -" •

    $default  reduce using rule 33 (sign)


State 139

   28 value_list: "/" values • "/"
   29 values: values • "," value

    "/"  shift, and go to state 177
    ","  shift, and go to state 178


State 140

   30 values: value •

    $default  reduce using rule 30 (values)


State 141

   31 value: sign • constant

    error     shift, and go to state 179
    "ICONST"  shift, and go to state 58
    "RCONST"  shift, and go to state 59
    "LCONST"  shift, and go to state 60
    "CCONST"  shift, and go to state 61
    "("       shift, and go to state 180

    constant          go to state 181
    simple_constant   go to state 182
    complex_constant  go to state 183


State 142

   26 vals: vals "," "id" • value_list

    "/"  shift, and go to state 95

    value_list  go to state 184


State 143

   89 goto_statement: "goto" "id" "," "(" • labels ")"

    "ICONST"  shift, and go to state 24

    label   go to state 185
    labels  go to state 186


State 144

   97 read_list: read_list "," • read_item
  100 read_item: "(" read_list "," • "id" "=" iter_space ")"

    "id"        shift, and go to state 187
    "listfunc"  shift, and go to state 25
    "("         shift, and go to state 52

    variable   go to state 53
    read_item  go to state 145


State 145

   97 read_list: read_list "," read_item •

    $default  reduce using rule 97 (read_list)


State 146

   70 expression: expression • "||" expression
   71           | expression • "&&" expression
   72           | expression • "== or != or < or > or <= or >=" expression
   73           | expression • "+ or -" expression
   74           | expression • "*" expression
   75           | expression • "/" expression
   76           | expression • "**" expression
   82           | "new" "(" expression • ")"

    "||"                              shift, and go to state 111
    "&&"                              shift, and go to state 112
    "== or != or < or > or <= or >="  shift, and go to state 113
    "+ or -"                          shift, and go to state 114
    "*"                               shift, and go to state 115
    "/"                               shift, and go to state 116
    "**"                              shift, and go to state 117
    ")"                               shift, and go to state 188


State 147

   70 expression: expression • "||" expression
   71           | expression • "&&" expression
   72           | expression • "== or != or < or > or <= or >=" expression
   73           | expression • "+ or -" expression
   74           | expression • "*" expression
   75           | expression • "/" expression
   76           | expression • "**" expression
   81           | "length" "(" expression • ")"

    "||"                              shift, and go to state 111
    "&&"                              shift, and go to state 112
    "== or != or < or > or <= or >="  shift, and go to state 113
    "+ or -"                          shift, and go to state 114
    "*"                               shift, and go to state 115
    "/"                               shift, and go to state 116
    "**"                              shift, and go to state 117
    ")"                               shift, and go to state 189


State 148

   70 expression: expression • "||" expression
   71           | expression • "&&" expression
   72           | expression • "== or != or < or > or <= or >=" expression
   73           | expression • "+ or -" expression
   74           | expression • "*" expression
   75           | expression • "/" expression
   76           | expression • "**" expression
   83           | "(" expression • ")"
   84           | "(" expression • ":" expression ")"

    "||"                              shift, and go to state 111
    "&&"                              shift, and go to state 112
    "== or != or < or > or <= or >="  shift, and go to state 113
    "+ or -"                          shift, and go to state 114
    "*"                               shift, and go to state 115
    "/"                               shift, and go to state 116
    "**"                              shift, and go to state 117
    ")"                               shift, and go to state 149
    ":"                               shift, and go to state 150


State 149

   83 expression: "(" expression ")" •

    $default  reduce using rule 83 (expression)


State 150

   84 expression: "(" expression ":" • expression ")"

    "new"       shift, and go to state 56
    "length"    shift, and go to state 57
    "id"        shift, and go to state 23
    "ICONST"    shift, and go to state 58
    "RCONST"    shift, and go to state 59
    "LCONST"    shift, and go to state 60
    "CCONST"    shift, and go to state 61
    "listfunc"  shift, and go to state 25
    "!="        shift, and go to state 63
    "+ or -"    shift, and go to state 64
    "("         shift, and go to state 103
    "["         shift, and go to state 66

    simple_constant  go to state 67
    variable         go to state 68
    expression       go to state 190
    listexpression   go to state 70


State 151

  104 write_list: write_list "," • write_item
  107 write_item: "(" write_list "," • "id" "=" iter_space ")"

    "new"       shift, and go to state 56
    "length"    shift, and go to state 57
    "id"        shift, and go to state 191
    "ICONST"    shift, and go to state 58
    "RCONST"    shift, and go to state 59
    "LCONST"    shift, and go to state 60
    "CCONST"    shift, and go to state 61
    "listfunc"  shift, and go to state 25
    "string"    shift, and go to state 62
    "!="        shift, and go to state 63
    "+ or -"    shift, and go to state 64
    "("         shift, and go to state 65
    "["         shift, and go to state 66

    simple_constant  go to state 67
    variable         go to state 68
    expression       go to state 69
    listexpression   go to state 70
    write_item       go to state 161


State 152

   68 expressions: expressions "," • expression

    "new"       shift, and go to state 56
    "length"    shift, and go to state 57
    "id"        shift, and go to state 23
    "ICONST"    shift, and go to state 58
    "RCONST"    shift, and go to state 59
    "LCONST"    shift, and go to state 60
    "CCONST"    shift, and go to state 61
    "listfunc"  shift, and go to state 25
    "!="        shift, and go to state 63
    "+ or -"    shift, and go to state 64
    "("         shift, and go to state 103
    "["         shift, and go to state 66

    simple_constant  go to state 67
    variable         go to state 68
    expression       go to state 192
    listexpression   go to state 70


State 153

   86 listexpression: "[" expressions "]" •

    $default  reduce using rule 86 (listexpression)


State 154

   70 expression: expression • "||" expression
   70           | expression "||" expression •
   71           | expression • "&&" expression
   72           | expression • "== or != or < or > or <= or >=" expression
   73           | expression • "+ or -" expression
   74           | expression • "*" expression
   75           | expression • "/" expression
   76           | expression • "**" expression

    "&&"                              shift, and go to state 112
    "== or != or < or > or <= or >="  shift, and go to state 113
    "+ or -"                          shift, and go to state 114
    "*"                               shift, and go to state 115
    "/"                               shift, and go to state 116
    "**"                              shift, and go to state 117

    $default  reduce using rule 70 (expression)


State 155

   70 expression: expression • "||" expression
   71           | expression • "&&" expression
   71           | expression "&&" expression •
   72           | expression • "== or != or < or > or <= or >=" expression
   73           | expression • "+ or -" expression
   74           | expression • "*" expression
   75           | expression • "/" expression
   76           | expression • "**" expression

    "== or != or < or > or <= or >="  shift, and go to state 113
    "+ or -"                          shift, and go to state 114
    "*"                               shift, and go to state 115
    "/"                               shift, and go to state 116
    "**"                              shift, and go to state 117

    $default  reduce using rule 71 (expression)


State 156

   70 expression: expression • "||" expression
   71           | expression • "&&" expression
   72           | expression • "== or != or < or > or <= or >=" expression
   72           | expression "== or != or < or > or <= or >=" expression •
   73           | expression • "+ or -" expression
   74           | expression • "*" expression
   75           | expression • "/" expression
   76           | expression • "**" expression

    "+ or -"  shift, and go to state 114
    "*"       shift, and go to state 115
    "/"       shift, and go to state 116
    "**"      shift, and go to state 117

    $default  reduce using rule 72 (expression)


State 157

   70 expression: expression • "||" expression
   71           | expression • "&&" expression
   72           | expression • "== or != or < or > or <= or >=" expression
   73           | expression • "+ or -" expression
   73           | expression "+ or -" expression •
   74           | expression • "*" expression
   75           | expression • "/" expression
   76           | expression • "**" expression

    "*"   shift, and go to state 115
    "/"   shift, and go to state 116
    "**"  shift, and go to state 117

    $default  reduce using rule 73 (expression)


State 158

   70 expression: expression • "||" expression
   71           | expression • "&&" expression
   72           | expression • "== or != or < or > or <= or >=" expression
   73           | expression • "+ or -" expression
   74           | expression • "*" expression
   74           | expression "*" expression •
   75           | expression • "/" expression
   76           | expression • "**" expression

    "**"  shift, and go to state 117

    $default  reduce using rule 74 (expression)


State 159

   70 expression: expression • "||" expression
   71           | expression • "&&" expression
   72           | expression • "== or != or < or > or <= or >=" expression
   73           | expression • "+ or -" expression
   74           | expression • "*" expression
   75           | expression • "/" expression
   75           | expression "/" expression •
   76           | expression • "**" expression

    "**"  shift, and go to state 117

    $default  reduce using rule 75 (expression)


State 160

   70 expression: expression • "||" expression
   71           | expression • "&&" expression
   72           | expression • "== or != or < or > or <= or >=" expression
   73           | expression • "+ or -" expression
   74           | expression • "*" expression
   75           | expression • "/" expression
   76           | expression • "**" expression
   76           | expression "**" expression •

    $default  reduce using rule 76 (expression)


State 161

  104 write_list: write_list "," write_item •

    $default  reduce using rule 104 (write_list)


State 162

   92 if_statement: "if" "(" expression ")" • label "," label "," label
   93             | "if" "(" expression ")" • simple_statement
  112 branch_statement: "if" "(" expression ")" • "then" $@1 body tail

    "continue"  shift, and go to state 14
    "goto"      shift, and go to state 15
    "call"      shift, and go to state 16
    "read"      shift, and go to state 17
    "write"     shift, and go to state 18
    "if"        shift, and go to state 193
    "then"      shift, and go to state 194
    "stop"      shift, and go to state 21
    "return"    shift, and go to state 22
    "id"        shift, and go to state 23
    "ICONST"    shift, and go to state 24
    "listfunc"  shift, and go to state 25

    label             go to state 195
    simple_statement  go to state 196
    assignment        go to state 32
    variable          go to state 33
    goto_statement    go to state 34
    if_statement      go to state 35
    subroutine_call   go to state 36
    io_statement      go to state 37


State 163

   70 expression: expression • "||" expression
   71           | expression • "&&" expression
   72           | expression • "== or != or < or > or <= or >=" expression
   73           | expression • "+ or -" expression
   74           | expression • "*" expression
   75           | expression • "/" expression
   76           | expression • "**" expression
  101 iter_space: expression • "," expression step

    "||"                              shift, and go to state 111
    "&&"                              shift, and go to state 112
    "== or != or < or > or <= or >="  shift, and go to state 113
    "+ or -"                          shift, and go to state 114
    "*"                               shift, and go to state 115
    "/"                               shift, and go to state 116
    "**"                              shift, and go to state 117
    ","                               shift, and go to state 197


State 164

  117 loop_statement: "do" "id" "=" iter_space • $@3 body "enddo"

    $default  reduce using rule 116 ($@3)

    $@3  go to state 198


State 165

   66 variable: "listfunc" "(" expression ")" •

    $default  reduce using rule 66 (variable)


State 166

   20 dim: "id" •

    $default  reduce using rule 20 (dim)


State 167

   21 dim: "ICONST" •

    $default  reduce using rule 21 (dim)


State 168

   16 undef_variable: "id" "(" dims • ")"
   18 dims: dims • "," dim

    ")"  shift, and go to state 199
    ","  shift, and go to state 200


State 169

   19 dims: dim •

    $default  reduce using rule 19 (dims)


State 170

   13 vars: vars "," undef_variable •

    $default  reduce using rule 13 (vars)


State 171

   65 variable: variable "(" expressions ")" •

    $default  reduce using rule 65 (variable)


State 172

  123 header: "subroutine" "id" "(" • formal_parameters ")"

    "integer"    shift, and go to state 7
    "real"       shift, and go to state 8
    "logicial"   shift, and go to state 9
    "character"  shift, and go to state 10
    "complex"    shift, and go to state 11

    type               go to state 201
    formal_parameters  go to state 202


State 173

  122 header: "list" "function" "id" • "(" formal_parameters ")"

    "("  shift, and go to state 203


State 174

  121 header: type "function" "id" • "(" formal_parameters ")"

    "("  shift, and go to state 204


State 175

  120 subprogram: header body "end" •

    $default  reduce using rule 120 (subprogram)


State 176

   13 vars: vars • "," undef_variable
   25 field: "record" fields "endrec" vars •

    ","  shift, and go to state 124

    $default  reduce using rule 25 (field)


State 177

   28 value_list: "/" values "/" •

    $default  reduce using rule 28 (value_list)


State 178

   29 values: values "," • value

    "string"  shift, and go to state 137
    "+ or -"  shift, and go to state 138

    $default  reduce using rule 34 (sign)

    value  go to state 205
    sign   go to state 141


State 179

   42 complex_constant: error • "RCONST" ":" sign "RCONST" ")"

    "RCONST"  shift, and go to state 206


State 180

   41 complex_constant: "(" • "RCONST" ":" sign "RCONST" ")"
   43                 | "(" • "RCONST" error sign "RCONST" ")"
   44                 | "(" • "RCONST" ":" sign "RCONST" error

    "RCONST"  shift, and go to state 207


State 181

   31 value: sign constant •

    $default  reduce using rule 31 (value)


State 182

   35 constant: simple_constant •

    $default  reduce using rule 35 (constant)


State 183

   36 constant: complex_constant •

    $default  reduce using rule 36 (constant)


State 184

   26 vals: vals "," "id" value_list •

    $default  reduce using rule 26 (vals)


State 185

   91 labels: label •

    $default  reduce using rule 91 (labels)


State 186

   89 goto_statement: "goto" "id" "," "(" labels • ")"
   90 labels: labels • "," label

    ")"  shift, and go to state 208
    ","  shift, and go to state 209


State 187

   67 variable: "id" •
  100 read_item: "(" read_list "," "id" • "=" iter_space ")"

    "="  shift, and go to state 210

    $default  reduce using rule 67 (variable)


State 188

   82 expression: "new" "(" expression ")" •

    $default  reduce using rule 82 (expression)


State 189

   81 expression: "length" "(" expression ")" •

    $default  reduce using rule 81 (expression)


State 190

   70 expression: expression • "||" expression
   71           | expression • "&&" expression
   72           | expression • "== or != or < or > or <= or >=" expression
   73           | expression • "+ or -" expression
   74           | expression • "*" expression
   75           | expression • "/" expression
   76           | expression • "**" expression
   84           | "(" expression ":" expression • ")"

    "||"                              shift, and go to state 111
    "&&"                              shift, and go to state 112
    "== or != or < or > or <= or >="  shift, and go to state 113
    "+ or -"                          shift, and go to state 114
    "*"                               shift, and go to state 115
    "/"                               shift, and go to state 116
    "**"                              shift, and go to state 117
    ")"                               shift, and go to state 211


State 191

   67 variable: "id" •
  107 write_item: "(" write_list "," "id" • "=" iter_space ")"

    "="  shift, and go to state 212

    $default  reduce using rule 67 (variable)


State 192

   68 expressions: expressions "," expression •
   70 expression: expression • "||" expression
   71           | expression • "&&" expression
   72           | expression • "== or != or < or > or <= or >=" expression
   73           | expression • "+ or -" expression
   74           | expression • "*" expression
   75           | expression • "/" expression
   76           | expression • "**" expression

    "||"                              shift, and go to state 111
    "&&"                              shift, and go to state 112
    "== or != or < or > or <= or >="  shift, and go to state 113
    "+ or -"                          shift, and go to state 114
    "*"                               shift, and go to state 115
    "/"                               shift, and go to state 116
    "**"                              shift, and go to state 117

    $default  reduce using rule 68 (expressions)


State 193

   92 if_statement: "if" • "(" expression ")" label "," label "," label
   93             | "if" • "(" expression ")" simple_statement

    "("  shift, and go to state 213


State 194

  112 branch_statement: "if" "(" expression ")" "then" • $@1 body tail

    $default  reduce using rule 111 ($@1)

    $@1  go to state 214


State 195

   92 if_statement: "if" "(" expression ")" label • "," label "," label

    ","  shift, and go to state 215


State 196

   93 if_statement: "if" "(" expression ")" simple_statement •

    $default  reduce using rule 93 (if_statement)


State 197

  101 iter_space: expression "," • expression step

    "new"       shift, and go to state 56
    "length"    shift, and go to state 57
    "id"        shift, and go to state 23
    "ICONST"    shift, and go to state 58
    "RCONST"    shift, and go to state 59
    "LCONST"    shift, and go to state 60
    "CCONST"    shift, and go to state 61
    "listfunc"  shift, and go to state 25
    "!="        shift, and go to state 63
    "+ or -"    shift, and go to state 64
    "("         shift, and go to state 103
    "["         shift, and go to state 66

    simple_constant  go to state 67
    variable         go to state 68
    expression       go to state 216
    listexpression   go to state 70


State 198

  117 loop_statement: "do" "id" "=" iter_space $@3 • body "enddo"

    $default  reduce using rule 7 (declarations)

    body          go to state 217
    declarations  go to state 3


State 199

   16 undef_variable: "id" "(" dims ")" •

    $default  reduce using rule 16 (undef_variable)


State 200

   18 dims: dims "," • dim

    "id"      shift, and go to state 166
    "ICONST"  shift, and go to state 167

    dim  go to state 218


State 201

  125 formal_parameters: type • vars "," formal_parameters
  126                  | type • vars

    "list"  shift, and go to state 76
    "id"    shift, and go to state 77

    vars            go to state 219
    undef_variable  go to state 79


State 202

  123 header: "subroutine" "id" "(" formal_parameters • ")"

    ")"  shift, and go to state 220


State 203

  122 header: "list" "function" "id" "(" • formal_parameters ")"

    "integer"    shift, and go to state 7
    "real"       shift, and go to state 8
    "logicial"   shift, and go to state 9
    "character"  shift, and go to state 10
    "complex"    shift, and go to state 11

    type               go to state 201
    formal_parameters  go to state 221


State 204

  121 header: type "function" "id" "(" • formal_parameters ")"

    "integer"    shift, and go to state 7
    "real"       shift, and go to state 8
    "logicial"   shift, and go to state 9
    "character"  shift, and go to state 10
    "complex"    shift, and go to state 11

    type               go to state 201
    formal_parameters  go to state 222


State 205

   29 values: values "," value •

    $default  reduce using rule 29 (values)


State 206

   42 complex_constant: error "RCONST" • ":" sign "RCONST" ")"

    ":"  shift, and go to state 223


State 207

   41 complex_constant: "(" "RCONST" • ":" sign "RCONST" ")"
   43                 | "(" "RCONST" • error sign "RCONST" ")"
   44                 | "(" "RCONST" • ":" sign "RCONST" error

    error  shift, and go to state 224
    ":"    shift, and go to state 225


State 208

   89 goto_statement: "goto" "id" "," "(" labels ")" •

    $default  reduce using rule 89 (goto_statement)


State 209

   90 labels: labels "," • label

    "ICONST"  shift, and go to state 24

    label  go to state 226


State 210

  100 read_item: "(" read_list "," "id" "=" • iter_space ")"

    "new"       shift, and go to state 56
    "length"    shift, and go to state 57
    "id"        shift, and go to state 23
    "ICONST"    shift, and go to state 58
    "RCONST"    shift, and go to state 59
    "LCONST"    shift, and go to state 60
    "CCONST"    shift, and go to state 61
    "listfunc"  shift, and go to state 25
    "!="        shift, and go to state 63
    "+ or -"    shift, and go to state 64
    "("         shift, and go to state 103
    "["         shift, and go to state 66

    simple_constant  go to state 67
    variable         go to state 68
    expression       go to state 163
    listexpression   go to state 70
    iter_space       go to state 227


State 211

   84 expression: "(" expression ":" expression ")" •

    $default  reduce using rule 84 (expression)


State 212

  107 write_item: "(" write_list "," "id" "=" • iter_space ")"

    "new"       shift, and go to state 56
    "length"    shift, and go to state 57
    "id"        shift, and go to state 23
    "ICONST"    shift, and go to state 58
    "RCONST"    shift, and go to state 59
    "LCONST"    shift, and go to state 60
    "CCONST"    shift, and go to state 61
    "listfunc"  shift, and go to state 25
    "!="        shift, and go to state 63
    "+ or -"    shift, and go to state 64
    "("         shift, and go to state 103
    "["         shift, and go to state 66

    simple_constant  go to state 67
    variable         go to state 68
    expression       go to state 163
    listexpression   go to state 70
    iter_space       go to state 228


State 213

   92 if_statement: "if" "(" • expression ")" label "," label "," label
   93             | "if" "(" • expression ")" simple_statement

    "new"       shift, and go to state 56
    "length"    shift, and go to state 57
    "id"        shift, and go to state 23
    "ICONST"    shift, and go to state 58
    "RCONST"    shift, and go to state 59
    "LCONST"    shift, and go to state 60
    "CCONST"    shift, and go to state 61
    "listfunc"  shift, and go to state 25
    "!="        shift, and go to state 63
    "+ or -"    shift, and go to state 64
    "("         shift, and go to state 103
    "["         shift, and go to state 66

    simple_constant  go to state 67
    variable         go to state 68
    expression       go to state 229
    listexpression   go to state 70


State 214

  112 branch_statement: "if" "(" expression ")" "then" $@1 • body tail

    $default  reduce using rule 7 (declarations)

    body          go to state 230
    declarations  go to state 3


State 215

   92 if_statement: "if" "(" expression ")" label "," • label "," label

    "ICONST"  shift, and go to state 24

    label  go to state 231


State 216

   70 expression: expression • "||" expression
   71           | expression • "&&" expression
   72           | expression • "== or != or < or > or <= or >=" expression
   73           | expression • "+ or -" expression
   74           | expression • "*" expression
   75           | expression • "/" expression
   76           | expression • "**" expression
  101 iter_space: expression "," expression • step

    "||"                              shift, and go to state 111
    "&&"                              shift, and go to state 112
    "== or != or < or > or <= or >="  shift, and go to state 113
    "+ or -"                          shift, and go to state 114
    "*"                               shift, and go to state 115
    "/"                               shift, and go to state 116
    "**"                              shift, and go to state 117
    ","                               shift, and go to state 232

    $default  reduce using rule 103 (step)

    step  go to state 233


State 217

  117 loop_statement: "do" "id" "=" iter_space $@3 body • "enddo"

    "enddo"  shift, and go to state 234


State 218

   18 dims: dims "," dim •

    $default  reduce using rule 18 (dims)


State 219

   13 vars: vars • "," undef_variable
  125 formal_parameters: type vars • "," formal_parameters
  126                  | type vars •

    ","  shift, and go to state 235

    $default  reduce using rule 126 (formal_parameters)


State 220

  123 header: "subroutine" "id" "(" formal_parameters ")" •

    $default  reduce using rule 123 (header)


State 221

  122 header: "list" "function" "id" "(" formal_parameters • ")"

    ")"  shift, and go to state 236


State 222

  121 header: type "function" "id" "(" formal_parameters • ")"

    ")"  shift, and go to state 237


State 223

   42 complex_constant: error "RCONST" ":" • sign "RCONST" ")"

    "+ or -"  shift, and go to state 138

    $default  reduce using rule 34 (sign)

    sign  go to state 238


State 224

   43 complex_constant: "(" "RCONST" error • sign "RCONST" ")"

    "+ or -"  shift, and go to state 138

    $default  reduce using rule 34 (sign)

    sign  go to state 239


State 225

   41 complex_constant: "(" "RCONST" ":" • sign "RCONST" ")"
   44                 | "(" "RCONST" ":" • sign "RCONST" error

    "+ or -"  shift, and go to state 138

    $default  reduce using rule 34 (sign)

    sign  go to state 240


State 226

   90 labels: labels "," label •

    $default  reduce using rule 90 (labels)


State 227

  100 read_item: "(" read_list "," "id" "=" iter_space • ")"

    ")"  shift, and go to state 241


State 228

  107 write_item: "(" write_list "," "id" "=" iter_space • ")"

    ")"  shift, and go to state 242


State 229

   70 expression: expression • "||" expression
   71           | expression • "&&" expression
   72           | expression • "== or != or < or > or <= or >=" expression
   73           | expression • "+ or -" expression
   74           | expression • "*" expression
   75           | expression • "/" expression
   76           | expression • "**" expression
   92 if_statement: "if" "(" expression • ")" label "," label "," label
   93             | "if" "(" expression • ")" simple_statement

    "||"                              shift, and go to state 111
    "&&"                              shift, and go to state 112
    "== or != or < or > or <= or >="  shift, and go to state 113
    "+ or -"                          shift, and go to state 114
    "*"                               shift, and go to state 115
    "/"                               shift, and go to state 116
    "**"                              shift, and go to state 117
    ")"                               shift, and go to state 243


State 230

  112 branch_statement: "if" "(" expression ")" "then" $@1 body • tail

    "else"   shift, and go to state 244
    "endif"  shift, and go to state 245

    tail  go to state 246


State 231

   92 if_statement: "if" "(" expression ")" label "," label • "," label

    ","  shift, and go to state 247


State 232

  102 step: "," • expression

    "new"       shift, and go to state 56
    "length"    shift, and go to state 57
    "id"        shift, and go to state 23
    "ICONST"    shift, and go to state 58
    "RCONST"    shift, and go to state 59
    "LCONST"    shift, and go to state 60
    "CCONST"    shift, and go to state 61
    "listfunc"  shift, and go to state 25
    "!="        shift, and go to state 63
    "+ or -"    shift, and go to state 64
    "("         shift, and go to state 103
    "["         shift, and go to state 66

    simple_constant  go to state 67
    variable         go to state 68
    expression       go to state 248
    listexpression   go to state 70


State 233

  101 iter_space: expression "," expression step •

    $default  reduce using rule 101 (iter_space)


State 234

  117 loop_statement: "do" "id" "=" iter_space $@3 body "enddo" •

    $default  reduce using rule 117 (loop_statement)


State 235

   13 vars: vars "," • undef_variable
  125 formal_parameters: type vars "," • formal_parameters

    "integer"    shift, and go to state 7
    "real"       shift, and go to state 8
    "logicial"   shift, and go to state 9
    "character"  shift, and go to state 10
    "complex"    shift, and go to state 11
    "list"       shift, and go to state 76
    "id"         shift, and go to state 77

    type               go to state 201
    undef_variable     go to state 170
    formal_parameters  go to state 249


State 236

  122 header: "list" "function" "id" "(" formal_parameters ")" •

    $default  reduce using rule 122 (header)


State 237

  121 header: type "function" "id" "(" formal_parameters ")" •

    $default  reduce using rule 121 (header)


State 238

   42 complex_constant: error "RCONST" ":" sign • "RCONST" ")"

    "RCONST"  shift, and go to state 250


State 239

   43 complex_constant: "(" "RCONST" error sign • "RCONST" ")"

    "RCONST"  shift, and go to state 251


State 240

   41 complex_constant: "(" "RCONST" ":" sign • "RCONST" ")"
   44                 | "(" "RCONST" ":" sign • "RCONST" error

    "RCONST"  shift, and go to state 252


State 241

  100 read_item: "(" read_list "," "id" "=" iter_space ")" •

    $default  reduce using rule 100 (read_item)


State 242

  107 write_item: "(" write_list "," "id" "=" iter_space ")" •

    $default  reduce using rule 107 (write_item)


State 243

   92 if_statement: "if" "(" expression ")" • label "," label "," label
   93             | "if" "(" expression ")" • simple_statement

    "continue"  shift, and go to state 14
    "goto"      shift, and go to state 15
    "call"      shift, and go to state 16
    "read"      shift, and go to state 17
    "write"     shift, and go to state 18
    "if"        shift, and go to state 193
    "stop"      shift, and go to state 21
    "return"    shift, and go to state 22
    "id"        shift, and go to state 23
    "ICONST"    shift, and go to state 24
    "listfunc"  shift, and go to state 25

    label             go to state 195
    simple_statement  go to state 196
    assignment        go to state 32
    variable          go to state 33
    goto_statement    go to state 34
    if_statement      go to state 35
    subroutine_call   go to state 36
    io_statement      go to state 37


State 244

  114 tail: "else" • $@2 body "endif"

    $default  reduce using rule 113 ($@2)

    $@2  go to state 253


State 245

  115 tail: "endif" •

    $default  reduce using rule 115 (tail)


State 246

  112 branch_statement: "if" "(" expression ")" "then" $@1 body tail •

    $default  reduce using rule 112 (branch_statement)


State 247

   92 if_statement: "if" "(" expression ")" label "," label "," • label

    "ICONST"  shift, and go to state 24

    label  go to state 254


State 248

   70 expression: expression • "||" expression
   71           | expression • "&&" expression
   72           | expression • "== or != or < or > or <= or >=" expression
   73           | expression • "+ or -" expression
   74           | expression • "*" expression
   75           | expression • "/" expression
   76           | expression • "**" expression
  102 step: "," expression •

    "||"                              shift, and go to state 111
    "&&"                              shift, and go to state 112
    "== or != or < or > or <= or >="  shift, and go to state 113
    "+ or -"                          shift, and go to state 114
    "*"                               shift, and go to state 115
    "/"                               shift, and go to state 116
    "**"                              shift, and go to state 117

    $default  reduce using rule 102 (step)


State 249

  125 formal_parameters: type vars "," formal_parameters •

    $default  reduce using rule 125 (formal_parameters)


State 250

   42 complex_constant: error "RCONST" ":" sign "RCONST" • ")"

    ")"  shift, and go to state 255


State 251

   43 complex_constant: "(" "RCONST" error sign "RCONST" • ")"

    ")"  shift, and go to state 256


State 252

   41 complex_constant: "(" "RCONST" ":" sign "RCONST" • ")"
   44                 | "(" "RCONST" ":" sign "RCONST" • error

    error  shift, and go to state 257
    ")"    shift, and go to state 258


State 253

  114 tail: "else" $@2 • body "endif"

    $default  reduce using rule 7 (declarations)

    body          go to state 259
    declarations  go to state 3


State 254

   92 if_statement: "if" "(" expression ")" label "," label "," label •

    $default  reduce using rule 92 (if_statement)


State 255

   42 complex_constant: error "RCONST" ":" sign "RCONST" ")" •

    $default  reduce using rule 42 (complex_constant)


State 256

   43 complex_constant: "(" "RCONST" error sign "RCONST" ")" •

    $default  reduce using rule 43 (complex_constant)


State 257

   44 complex_constant: "(" "RCONST" ":" sign "RCONST" error •

    $default  reduce using rule 44 (complex_constant)


State 258

   41 complex_constant: "(" "RCONST" ":" sign "RCONST" ")" •

    $default  reduce using rule 41 (complex_constant)


State 259

  114 tail: "else" $@2 body • "endif"

    "endif"  shift, and go to state 260


State 260

  114 tail: "else" $@2 body "endif" •

    $default  reduce using rule 114 (tail)
